<?xml version="1.0" encoding="UTF-8"?>
<!-- Generated by org.testng.reporters.JUnitXMLReporter -->
<testsuite hostname="CHNSIPDT0T1027" name="Firefox" tests="2" failures="0" timestamp="31 Oct 2018 09:58:47 GMT" time="0.016" errors="0">
  <testcase name="@BeforeClass setupDriver" time="0.0" classname="test.LoginTest">
    <failure type="java.lang.NullPointerException">
      <![CDATA[java.lang.NullPointerException
	at test.FunctionalTest.setupDriver(FunctionalTest.java:55)
... Removed 24 stack frames]]>
    </failure>
  </testcase> <!-- @BeforeClass setupDriver -->
  <testcase name="@AfterClass quitDriver" time="0.0" classname="test.LoginTest">
    <skipped/>
  </testcase> <!-- @AfterClass quitDriver -->
  <testcase name="failLogin" time="0.0" classname="test.LoginTest">
    <skipped/>
  </testcase> <!-- failLogin -->
  <testcase name="login" time="0.0" classname="test.LoginTest">
    <skipped/>
  </testcase> <!-- login -->
</testsuite> <!-- Firefox -->
